Arguments: 
  C:\Program Files\nodejs\node.exe C:\Users\guilh\AppData\Roaming\npm\node_modules\yarn\bin\yarn.js init

PATH: 
  C:\Program Files (x86)\Intel\Intel(R) Management Engine Components\iCLS\;C:\Program Files\Intel\Intel(R) Management Engine Components\iCLS\;C:\Windows\system32;C:\Windows;C:\Windows\System32\Wbem;C:\Windows\System32\WindowsPowerShell\v1.0\;C:\Windows\System32\OpenSSH\;C:\Program Files (x86)\Intel\Intel(R) Management Engine Components\DAL;C:\Program Files\Intel\Intel(R) Management Engine Components\DAL;C:\Program Files (x86)\NVIDIA Corporation\PhysX\Common;C:\WINDOWS\system32;C:\WINDOWS;C:\WINDOWS\System32\Wbem;C:\WINDOWS\System32\WindowsPowerShell\v1.0\;C:\WINDOWS\System32\OpenSSH\;C:\Program Files\dotnet\;C:\Program Files\Microsoft SQL Server\130\Tools\Binn\;C:\Program Files\Microsoft SQL Server\Client SDK\ODBC\170\Tools\Binn\;C:\Program Files\Docker\Docker\resources\bin;C:\ProgramData\DockerDesktop\version-bin;C:\Program Files\nodejs\;C:\Users\guilh\AppData\Local\Microsoft\WindowsApps;C:\Users\guilh\AppData\Local\Programs\Microsoft VS Code\bin;C:\Users\guilh\.dotnet\tools;C:\Users\guilh\AppData\Local\GitHubDesktop\bin;C:\Users\guilh\AppData\Roaming\npm

Yarn version: 
  1.22.10

Node version: 
  15.5.0

Platform: 
  win32 x64

Trace: 
  Error: canceled
      at Interface.<anonymous> (C:\Users\guilh\AppData\Roaming\npm\node_modules\yarn\lib\cli.js:136216:13)
      at Interface.emit (node:events:376:20)
      at Interface._ttyWrite (node:readline:909:16)
      at ReadStream.onkeypress (node:readline:234:10)
      at ReadStream.emit (node:events:376:20)
      at emitKeys (node:internal/readline/utils:358:14)
      at emitKeys.next (<anonymous>)
      at ReadStream.onData (node:readline:1178:36)
      at ReadStream.emit (node:events:376:20)
      at addChunk (node:internal/streams/readable:311:12)

npm manifest: 
  {
    "name": "nearby-cities-service",
    "version": "1.0.0",
    "description": "",
    "main": "app.js",
    "scripts": {
      "start:dev": "nodemon --inspect index.js",
      "start:debug": "export DEBUG=true || set DEBUG=true && nodemon --inspect index.js",
      "build": "rimraf ./build && tsc",
      "start": "npm run build && node build/index.js"
    },
    "keywords": [],
    "author": "",
    "license": "ISC",
    "devDependencies": {
      "@types/amqplib": "^0.5.13",
      "@types/async-retry": "^1.4.2",
      "@types/express": "^4.17.9",
      "@types/node": "^14.0.27",
      "@types/node-os-utils": "^1.2.0",
      "nodemon": "^2.0.4",
      "rimraf": "^3.0.2",
      "ts-node": "^8.10.2",
      "typescript": "^3.9.7"
    },
    "dependencies": {
      "@echo-health/grpc-prometheus-interceptor": "0.0.5",
      "@grpc/proto-loader": "^0.5.5",
      "@influxdata/influxdb-client": "^1.7.1",
      "@pionerlabs/grpc-interceptors": "^0.2.5",
      "@types/request": "^2.48.5",
      "amqplib": "^0.6.0",
      "async-retry": "^1.3.1",
      "express": "^4.17.1",
      "fluent-logger": "^3.4.1",
      "grpc": "^1.24.3",
      "install": "^0.13.0",
      "nearby-cities": "^1.1.0",
      "node-vault": "^0.9.18",
      "prom-client": "^12.0.0",
      "reflect-metadata": "^0.1.13",
      "ts-enum-util": "^4.0.2",
      "tsyringe": "^4.3.0"
    }
  }

yarn manifest: 
  No manifest

Lockfile: 
  No lockfile
